Reading data
============

Traceback (most recent call last):
  File "004_plot_pareto_front.py", line 54, in <module>
    results = open_results(results_name)
  File "/home/joaovitor/projetoACS/evolutionary-ACS-benchmark/read/algorithm.py", line 42, in open_results
    file_results = load(file)
  File "/usr/local/lib/python3.6/dist-packages/joblib/numpy_pickle.py", line 577, in load
    obj = _unpickle(fobj)
  File "/usr/local/lib/python3.6/dist-packages/joblib/numpy_pickle.py", line 506, in _unpickle
    obj = unpickler.load()
  File "/usr/lib/python3.6/pickle.py", line 1050, in load
    dispatch[key[0]](self)
  File "/usr/local/lib/python3.6/dist-packages/joblib/numpy_pickle.py", line 344, in load_build
    self.stack.append(array_wrapper.read(self))
  File "/usr/local/lib/python3.6/dist-packages/joblib/numpy_pickle.py", line 189, in read
    array = self.read_array(unpickler)
  File "/usr/local/lib/python3.6/dist-packages/joblib/numpy_pickle.py", line 139, in read_array
    read_size, "array data")
  File "/usr/local/lib/python3.6/dist-packages/joblib/numpy_pickle_utils.py", line 243, in _read_bytes
    r = fp.read(size - len(data))
KeyboardInterrupt
Reading data
============

Generating graphs
=================

andre_50
---------

2 objectives
3 objectives
5 objectives
andre_300
---------

2 objectives
3 objectives
5 objectives
andre_1000
---------

2 objectives
3 objectives
5 objectives
real
---------

2 objectives
3 objectives
5 objectives
